[2020-03-07T11:50:22.898] [DEBUG] cheese - login => username:zy,password:22
[2020-03-07T11:50:22.900] [DEBUG] cheese - zy
[2020-03-07T11:50:22.908] [DEBUG] cheese - null
[2020-03-07T11:50:22.909] [DEBUG] cheese - null
[2020-03-07T11:51:11.801] [DEBUG] cheese - login => username:adminz,password:admin
[2020-03-07T11:51:11.802] [DEBUG] cheese - adminz
[2020-03-07T11:51:11.804] [DEBUG] cheese - null
[2020-03-07T11:51:11.804] [DEBUG] cheese - null
[2020-03-07T11:51:15.813] [DEBUG] cheese - login => username:admin,password:admin
[2020-03-07T11:51:15.813] [DEBUG] cheese - admin
[2020-03-07T11:51:15.817] [DEBUG] cheese - null
[2020-03-07T11:51:15.817] [DEBUG] cheese - null
[2020-03-07T11:51:24.534] [DEBUG] cheese - login => username:admin,password:123456
[2020-03-07T11:51:24.534] [DEBUG] cheese - admin
[2020-03-07T11:51:24.536] [DEBUG] cheese - null
[2020-03-07T11:51:24.536] [DEBUG] cheese - null
[2020-03-07T14:37:41.539] [DEBUG] cheese - login => username:admin,password:123456
[2020-03-07T14:37:41.541] [DEBUG] cheese - admin
[2020-03-07T14:37:41.551] [DEBUG] cheese - null
[2020-03-07T14:37:41.551] [DEBUG] cheese - null
[2020-03-07T14:37:57.990] [DEBUG] cheese - login => username:admin,password:123456
[2020-03-07T14:37:57.990] [DEBUG] cheese - admin
[2020-03-07T14:37:57.992] [DEBUG] cheese - null
[2020-03-07T14:37:57.992] [DEBUG] cheese - null
[2020-03-07T14:38:03.888] [DEBUG] cheese - login => username:admin,password:12345
[2020-03-07T14:38:03.888] [DEBUG] cheese - admin
[2020-03-07T14:38:03.890] [DEBUG] cheese - null
[2020-03-07T14:38:03.890] [DEBUG] cheese - null
[2020-03-07T14:39:45.350] [DEBUG] cheese - login => username:admin,password:123456
[2020-03-07T14:39:45.350] [DEBUG] cheese - admin
[2020-03-07T14:39:45.352] [DEBUG] cheese - null
[2020-03-07T14:39:45.352] [DEBUG] cheese - null
[2020-03-07T14:39:49.001] [DEBUG] cheese - login => username:admin,password:123456
[2020-03-07T14:39:49.001] [DEBUG] cheese - admin
[2020-03-07T14:39:49.005] [DEBUG] cheese - null
[2020-03-07T14:39:49.005] [DEBUG] cheese - null
[2020-03-07T14:40:20.964] [DEBUG] cheese - login => username:admin,password:123456
[2020-03-07T14:40:20.964] [DEBUG] cheese - admin
[2020-03-07T14:40:20.966] [DEBUG] cheese - null
[2020-03-07T14:40:20.967] [DEBUG] cheese - null
[2020-03-07T14:40:21.721] [DEBUG] cheese - login => username:admin,password:123456
[2020-03-07T14:40:21.721] [DEBUG] cheese - admin
[2020-03-07T14:40:21.724] [DEBUG] cheese - null
[2020-03-07T14:40:21.724] [DEBUG] cheese - null
[2020-03-07T14:40:22.361] [DEBUG] cheese - login => username:admin,password:123456
[2020-03-07T14:40:22.361] [DEBUG] cheese - admin
[2020-03-07T14:40:22.363] [DEBUG] cheese - null
[2020-03-07T14:40:22.364] [DEBUG] cheese - null
[2020-03-07T14:40:45.622] [DEBUG] cheese - login => username:admin,password:123456
[2020-03-07T14:40:45.622] [DEBUG] cheese - admin
[2020-03-07T14:40:45.624] [DEBUG] cheese - null
[2020-03-07T14:40:45.624] [DEBUG] cheese - null
[2020-03-07T14:47:48.479] [DEBUG] cheese - login => username:111,password:11111
[2020-03-07T14:47:48.479] [DEBUG] cheese - 111
[2020-03-07T14:47:48.481] [DEBUG] cheese - null
[2020-03-07T14:47:48.481] [DEBUG] cheese - null
[2020-03-07T14:48:00.484] [DEBUG] cheese - login => username:admin,password:123456
[2020-03-07T14:48:00.484] [DEBUG] cheese - admin
[2020-03-07T14:48:00.487] [DEBUG] cheese - null
[2020-03-07T14:48:00.487] [DEBUG] cheese - null
[2020-03-07T14:53:09.559] [DEBUG] cheese - login => username:admin,password:123456
[2020-03-07T14:53:09.559] [DEBUG] cheese - admin
[2020-03-07T14:53:09.561] [DEBUG] cheese - null
[2020-03-07T14:53:09.561] [DEBUG] cheese - null
[2020-03-07T14:54:51.213] [DEBUG] cheese - login => username:admin,password:123456
[2020-03-07T14:54:51.213] [DEBUG] cheese - admin
[2020-03-07T14:54:51.215] [DEBUG] cheese - null
[2020-03-07T14:54:51.215] [DEBUG] cheese - null
[2020-03-07T14:55:25.357] [DEBUG] cheese - login => username:admin,password:123456
[2020-03-07T14:55:25.357] [DEBUG] cheese - admin
[2020-03-07T14:55:25.360] [DEBUG] cheese - null
[2020-03-07T14:55:25.360] [DEBUG] cheese - null
[2020-03-07T14:58:55.767] [DEBUG] cheese - login => username:admin,password:123456
[2020-03-07T14:58:55.767] [DEBUG] cheese - admin
[2020-03-07T14:58:55.770] [DEBUG] cheese - null
[2020-03-07T14:58:55.770] [DEBUG] cheese - null
[2020-03-07T15:01:13.039] [DEBUG] cheese - login => username:admin,password:123456
[2020-03-07T15:01:13.039] [DEBUG] cheese - admin
[2020-03-07T15:01:13.042] [DEBUG] cheese - null
[2020-03-07T15:01:13.042] [DEBUG] cheese - null
[2020-03-07T15:13:23.810] [DEBUG] cheese - login => username:admin,password:123456
[2020-03-07T15:13:23.810] [DEBUG] cheese - admin
[2020-03-07T15:13:23.813] [DEBUG] cheese - null
[2020-03-07T15:13:23.813] [DEBUG] cheese - null
[2020-03-07T15:15:13.097] [DEBUG] cheese - login => username:admin,password:123456
[2020-03-07T15:15:13.098] [DEBUG] cheese - admin
[2020-03-07T15:15:13.100] [DEBUG] cheese - null
[2020-03-07T15:15:13.100] [DEBUG] cheese - null
[2020-03-07T17:58:20.318] [DEBUG] cheese - login => username:1111,password:222111
[2020-03-07T17:58:20.323] [DEBUG] cheese - 1111
[2020-03-07T17:58:20.379] [DEBUG] cheese - null
[2020-03-07T17:58:20.380] [DEBUG] cheese - null
[2020-03-07T17:58:26.510] [DEBUG] cheese - login => username:admin,password:123456
[2020-03-07T17:58:26.510] [DEBUG] cheese - admin
[2020-03-07T17:58:26.519] [DEBUG] cheese - null
[2020-03-07T17:58:26.519] [DEBUG] cheese - null
[2020-03-07T18:53:39.356] [DEBUG] cheese - login => username:admin,password:123456
[2020-03-07T18:53:39.361] [DEBUG] cheese - admin
[2020-03-07T18:53:39.388] [DEBUG] cheese - null
[2020-03-07T18:53:39.389] [DEBUG] cheese - null
[2020-03-07T18:59:42.875] [DEBUG] cheese - login => username:111,password:11111
[2020-03-07T18:59:42.875] [DEBUG] cheese - 111
[2020-03-07T18:59:42.880] [DEBUG] cheese - null
[2020-03-07T18:59:42.880] [DEBUG] cheese - null
[2020-03-07T18:59:49.469] [DEBUG] cheese - login => username:admin,password:123456
[2020-03-07T18:59:49.469] [DEBUG] cheese - admin
[2020-03-07T18:59:49.474] [DEBUG] cheese - null
[2020-03-07T18:59:49.474] [DEBUG] cheese - null
[2020-03-07T19:00:29.685] [DEBUG] cheese - login => username:admin,password:123456
[2020-03-07T19:00:29.685] [DEBUG] cheese - admin
[2020-03-07T19:00:29.690] [DEBUG] cheese - null
[2020-03-07T19:00:29.690] [DEBUG] cheese - null
[2020-03-07T19:01:12.813] [DEBUG] cheese - login => username:admin,password:123456
[2020-03-07T19:01:12.814] [DEBUG] cheese - admin
[2020-03-07T19:01:12.819] [DEBUG] cheese - null
[2020-03-07T19:01:12.819] [DEBUG] cheese - null
[2020-03-07T19:02:10.493] [DEBUG] cheese - login => username:admin,password:123456
[2020-03-07T19:02:10.494] [DEBUG] cheese - admin
[2020-03-07T19:02:10.497] [DEBUG] cheese - null
[2020-03-07T19:02:10.497] [DEBUG] cheese - null
[2020-03-07T19:02:58.541] [DEBUG] cheese - login => username:admin,password:123456
[2020-03-07T19:02:58.541] [DEBUG] cheese - admin
[2020-03-07T19:02:58.546] [DEBUG] cheese - null
[2020-03-07T19:02:58.546] [DEBUG] cheese - null
[2020-03-07T19:04:41.855] [DEBUG] cheese - login => username:admin,password:123456
[2020-03-07T19:04:41.855] [DEBUG] cheese - admin
[2020-03-07T19:04:41.860] [DEBUG] cheese - null
[2020-03-07T19:04:41.860] [DEBUG] cheese - null
[2020-03-07T20:02:05.538] [DEBUG] cheese - login => username:admin,password:123456
[2020-03-07T20:02:05.539] [DEBUG] cheese - admin
[2020-03-07T20:02:05.542] [DEBUG] cheese - null
[2020-03-07T20:02:05.542] [DEBUG] cheese - null
[2020-03-08T09:48:56.307] [DEBUG] cheese - login => username:admin,password:123456
[2020-03-08T09:48:56.309] [DEBUG] cheese - admin
[2020-03-08T09:48:56.329] [DEBUG] cheese - null
[2020-03-08T09:48:56.330] [DEBUG] cheese - null
[2020-03-08T13:12:55.295] [DEBUG] cheese - login => username:admin,password:123456
[2020-03-08T13:12:55.298] [DEBUG] cheese - admin
[2020-03-08T13:12:55.331] [DEBUG] cheese - null
[2020-03-08T13:12:55.332] [DEBUG] cheese - null
[2020-03-08T15:34:18.387] [DEBUG] cheese - login => username:admin,password:123456
[2020-03-08T15:34:18.389] [DEBUG] cheese - admin
[2020-03-08T15:34:18.406] [DEBUG] cheese - null
[2020-03-08T15:34:18.406] [DEBUG] cheese - null
[2020-03-08T15:42:22.898] [DEBUG] cheese - login => username:admin,password:123456
[2020-03-08T15:42:22.898] [DEBUG] cheese - admin
[2020-03-08T15:42:22.903] [DEBUG] cheese - null
[2020-03-08T15:42:22.903] [DEBUG] cheese - null
[2020-03-08T17:47:11.169] [DEBUG] cheese - login => username:admin,password:123456
[2020-03-08T17:47:11.171] [DEBUG] cheese - admin
[2020-03-08T17:47:11.190] [DEBUG] cheese - null
[2020-03-08T17:47:11.191] [DEBUG] cheese - null
[2020-03-08T21:01:09.062] [DEBUG] cheese - login => username:admin,password:123456
[2020-03-08T21:01:09.064] [DEBUG] cheese - admin
[2020-03-08T21:01:09.084] [DEBUG] cheese - null
[2020-03-08T21:01:09.084] [DEBUG] cheese - null
[2020-03-08T21:30:29.801] [DEBUG] cheese - null
[2020-03-08T21:32:40.489] [DEBUG] cheese - null
[2020-03-08T21:34:37.049] [DEBUG] cheese - null
[2020-03-08T21:34:38.456] [DEBUG] cheese - null
[2020-03-08T21:34:41.812] [DEBUG] cheese - null
[2020-03-08T22:16:59.288] [DEBUG] cheese - null
[2020-03-08T22:17:02.103] [DEBUG] cheese - null
[2020-03-08T22:17:06.716] [DEBUG] cheese - null
[2020-03-08T22:17:08.662] [DEBUG] cheese - null
[2020-03-08T22:17:38.262] [DEBUG] cheese - null
[2020-03-08T22:19:05.438] [DEBUG] cheese - null
[2020-03-08T22:58:35.053] [DEBUG] cheese - login => username:admin,password:123456
[2020-03-08T22:58:35.053] [DEBUG] cheese - admin
[2020-03-08T22:58:35.056] [DEBUG] cheese - null
[2020-03-08T22:58:35.056] [DEBUG] cheese - null
[2020-03-09T09:51:05.984] [DEBUG] cheese - login => username:admin,password:123456
[2020-03-09T09:51:05.986] [DEBUG] cheese - admin
[2020-03-09T09:51:06.011] [DEBUG] cheese - null
[2020-03-09T09:51:06.011] [DEBUG] cheese - null
[2020-03-09T20:00:11.176] [DEBUG] cheese - login => username:admin,password:123456
[2020-03-09T20:00:11.178] [DEBUG] cheese - admin
[2020-03-09T20:00:11.181] [DEBUG] cheese - null
[2020-03-09T20:00:11.181] [DEBUG] cheese - null
[2020-03-10T09:42:36.294] [DEBUG] cheese - login => username:admin,password:123456
[2020-03-10T09:42:36.296] [DEBUG] cheese - admin
[2020-03-10T09:42:36.318] [DEBUG] cheese - null
[2020-03-10T09:42:36.318] [DEBUG] cheese - null
[2020-03-10T14:21:26.992] [DEBUG] cheese - null
[2020-03-10T14:26:46.346] [DEBUG] cheese - null
[2020-03-10T14:26:52.690] [DEBUG] cheese - null
[2020-03-10T14:27:07.564] [DEBUG] cheese - null
[2020-03-10T18:46:29.528] [DEBUG] cheese - login => username:admin,password:123456
[2020-03-10T18:46:29.529] [DEBUG] cheese - admin
[2020-03-10T18:46:29.532] [DEBUG] cheese - null
[2020-03-10T18:46:29.532] [DEBUG] cheese - null
[2020-03-10T19:11:18.185] [DEBUG] cheese - login => username:admin,password:123456
[2020-03-10T19:11:18.186] [DEBUG] cheese - admin
[2020-03-10T19:11:18.188] [DEBUG] cheese - null
[2020-03-10T19:11:18.188] [DEBUG] cheese - null
[2020-03-10T19:15:44.997] [DEBUG] cheese - login => username:admin,password:123456
[2020-03-10T19:15:44.997] [DEBUG] cheese - admin
[2020-03-10T19:15:44.999] [DEBUG] cheese - null
[2020-03-10T19:15:44.999] [DEBUG] cheese - null
[2020-03-10T19:16:47.724] [DEBUG] cheese - login => username:admin,password:123456
[2020-03-10T19:16:47.724] [DEBUG] cheese - admin
[2020-03-10T19:16:47.727] [DEBUG] cheese - null
[2020-03-10T19:16:47.727] [DEBUG] cheese - null
[2020-03-10T22:41:01.591] [DEBUG] cheese - login => username:admin,password:123456
[2020-03-10T22:41:01.594] [DEBUG] cheese - admin
[2020-03-10T22:41:01.621] [DEBUG] cheese - null
[2020-03-10T22:41:01.621] [DEBUG] cheese - null
[2020-03-11T21:25:40.946] [DEBUG] cheese - login => username:admin,password:123456
[2020-03-11T21:25:40.947] [DEBUG] cheese - admin
[2020-03-11T21:25:40.959] [DEBUG] cheese - null
[2020-03-11T21:25:40.959] [DEBUG] cheese - null
[2020-03-11T21:26:11.805] [DEBUG] cheese - login => username:admin,password:123456
[2020-03-11T21:26:11.806] [DEBUG] cheese - admin
[2020-03-11T21:26:11.808] [DEBUG] cheese - null
[2020-03-11T21:26:11.808] [DEBUG] cheese - null
[2020-03-11T21:26:40.333] [DEBUG] cheese - login => username:admin,password:123456
[2020-03-11T21:26:40.333] [DEBUG] cheese - admin
[2020-03-11T21:26:40.338] [DEBUG] cheese - null
[2020-03-11T21:26:40.338] [DEBUG] cheese - null
[2020-03-11T21:29:35.774] [DEBUG] cheese - null
[2020-03-11T21:29:37.825] [DEBUG] cheese - null
[2020-03-11T21:36:39.528] [DEBUG] cheese - login => username:admin,password:123456
[2020-03-11T21:36:39.528] [DEBUG] cheese - admin
[2020-03-11T21:36:39.534] [DEBUG] cheese - null
[2020-03-11T21:36:39.534] [DEBUG] cheese - null
[2020-03-11T21:36:57.003] [DEBUG] cheese - null
[2020-03-11T21:37:14.610] [DEBUG] cheese - null
[2020-03-11T21:37:16.314] [DEBUG] cheese - null
[2020-03-11T21:37:17.971] [DEBUG] cheese - null
[2020-03-11T21:37:19.562] [DEBUG] cheese - null
[2020-03-11T21:44:15.209] [DEBUG] cheese - login => username:admin,password:123456
[2020-03-11T21:44:15.209] [DEBUG] cheese - admin
[2020-03-11T21:44:15.214] [DEBUG] cheese - null
[2020-03-11T21:44:15.214] [DEBUG] cheese - null
[2020-03-11T21:45:02.638] [DEBUG] cheese - null
[2020-03-11T21:45:04.314] [DEBUG] cheese - null
[2020-03-11T21:45:05.830] [DEBUG] cheese - null
[2020-03-11T21:45:07.283] [DEBUG] cheese - null
[2020-03-11T21:45:08.906] [DEBUG] cheese - null
[2020-03-11T21:46:00.564] [DEBUG] cheese - null
[2020-03-11T21:46:03.771] [DEBUG] cheese - null
[2020-03-11T21:46:06.076] [DEBUG] cheese - null
[2020-03-11T21:46:17.589] [DEBUG] cheese - null
[2020-03-11T21:46:20.859] [DEBUG] cheese - null
